# JRE version: Java(TM) SE Runtime Environment (8.0_221-b11) (build 1.8.0_221-b11)
# Java VM: Java HotSpot(TM) 64-Bit Server VM (25.221-b11 mixed mode windows-amd64 compressed oops)
Heap:
 PSYoungGen      total 38400K, used 5351K [0x00000000d5980000, 0x00000000d8400000, 0x0000000100000000)
  eden space 33280K, 16% used [0x00000000d5980000,0x00000000d5eb9e20,0x00000000d7a00000)
  from space 5120K, 0% used [0x00000000d7a00000,0x00000000d7a00000,0x00000000d7f00000)
  to   space 5120K, 0% used [0x00000000d7f00000,0x00000000d7f00000,0x00000000d8400000)
 ParOldGen       total 62976K, used 3885K [0x0000000080c00000, 0x0000000084980000, 0x00000000d5980000)
  object space 62976K, 6% used [0x0000000080c00000,0x0000000080fcb560,0x0000000084980000)
 Metaspace       used 14380K, capacity 14666K, committed 14976K, reserved 1064960K
  class space    used 1772K, capacity 1883K, committed 1920K, reserved 1048576K
GC Heap History (4 events):
Event: 0.825 GC heap before
{Heap before GC invocations=1 (full 0):
 PSYoungGen      total 38400K, used 11598K [0x00000000d5980000, 0x00000000d8400000, 0x0000000100000000)
  eden space 33280K, 34% used [0x00000000d5980000,0x00000000d64d3968,0x00000000d7a00000)
  from space 5120K, 0% used [0x00000000d7f00000,0x00000000d7f00000,0x00000000d8400000)
  to   space 5120K, 0% used [0x00000000d7a00000,0x00000000d7a00000,0x00000000d7f00000)
 ParOldGen       total 87552K, used 0K [0x0000000080c00000, 0x0000000086180000, 0x00000000d5980000)
  object space 87552K, 0% used [0x0000000080c00000,0x0000000080c00000,0x0000000086180000)
 Metaspace       used 11380K, capacity 11640K, committed 11776K, reserved 1064960K
  class space    used 1337K, capacity 1452K, committed 1536K, reserved 1048576K
Event: 0.828 GC heap after
Heap after GC invocations=1 (full 0):
 PSYoungGen      total 38400K, used 4060K [0x00000000d5980000, 0x00000000d8400000, 0x0000000100000000)
  eden space 33280K, 0% used [0x00000000d5980000,0x00000000d5980000,0x00000000d7a00000)
  from space 5120K, 79% used [0x00000000d7a00000,0x00000000d7df7358,0x00000000d7f00000)
  to   space 5120K, 0% used [0x00000000d7f00000,0x00000000d7f00000,0x00000000d8400000)
 ParOldGen       total 87552K, used 8K [0x0000000080c00000, 0x0000000086180000, 0x00000000d5980000)
  object space 87552K, 0% used [0x0000000080c00000,0x0000000080c02000,0x0000000086180000)
 Metaspace       used 11380K, capacity 11640K, committed 11776K, reserved 1064960K
  class space    used 1337K, capacity 1452K, committed 1536K, reserved 1048576K
}
Event: 0.828 GC heap before
{Heap before GC invocations=2 (full 1):
 PSYoungGen      total 38400K, used 4060K [0x00000000d5980000, 0x00000000d8400000, 0x0000000100000000)
  eden space 33280K, 0% used [0x00000000d5980000,0x00000000d5980000,0x00000000d7a00000)
  from space 5120K, 79% used [0x00000000d7a00000,0x00000000d7df7358,0x00000000d7f00000)
  to   space 5120K, 0% used [0x00000000d7f00000,0x00000000d7f00000,0x00000000d8400000)
 ParOldGen       total 87552K, used 8K [0x0000000080c00000, 0x0000000086180000, 0x00000000d5980000)
  object space 87552K, 0% used [0x0000000080c00000,0x0000000080c02000,0x0000000086180000)
 Metaspace       used 11380K, capacity 11640K, committed 11776K, reserved 1064960K
  class space    used 1337K, capacity 1452K, committed 1536K, reserved 1048576K
Event: 0.841 GC heap after
Heap after GC invocations=2 (full 1):
 PSYoungGen      total 38400K, used 0K [0x00000000d5980000, 0x00000000d8400000, 0x0000000100000000)
  eden space 33280K, 0% used [0x00000000d5980000,0x00000000d5980000,0x00000000d7a00000)
  from space 5120K, 0% used [0x00000000d7a00000,0x00000000d7a00000,0x00000000d7f00000)
  to   space 5120K, 0% used [0x00000000d7f00000,0x00000000d7f00000,0x00000000d8400000)
 ParOldGen       total 62976K, used 3885K [0x0000000080c00000, 0x0000000084980000, 0x00000000d5980000)
  object space 62976K, 6% used [0x0000000080c00000,0x0000000080fcb560,0x0000000084980000)
 Metaspace       used 11380K, capacity 11640K, committed 11776K, reserved 1062912K
  class space    used 1337K, capacity 1452K, committed 1536K, reserved 1048576K
}

